Array
(
    [HTTPS] => on
    [SSL] => on
    [UNIQUE_ID] => aHzAApJEhyb@XG0a4KVX@gAAAAc
    [VH_GECOS] => admin-testing.rf.gd

    [VH_PATH] => /home/vol10_1/infinityfree.com/if0_39493961/htdocs
    [SERVER_ROOT] => /home/vol10_1/infinityfree.com/if0_39493961/htdocs
    [PHP_DOCUMENT_ROOT] => /home/vol10_1/infinityfree.com/if0_39493961/htdocs
    [PATH] => /usr/bin:/bin
    [HTTP_HOST] => admin-testing.rf.gd
    [HTTP_X_FORWARDED_PROTO] => https
    [HTTP_X_REAL_IP] => 161.142.189.48
    [HTTP_X_FORWARDED_FOR] => 161.142.189.48
    [HTTP_CACHE_CONTROL] => max-age=0
    [HTTP_SEC_CH_UA] => "Not)A;Brand";v="8", "Chromium";v="138", "Microsoft Edge";v="138"
    [HTTP_SEC_CH_UA_MOBILE] => ?0
    [HTTP_SEC_CH_UA_PLATFORM] => "Windows"
    [HTTP_UPGRADE_INSECURE_REQUESTS] => 1
    [HTTP_USER_AGENT] => Mozilla/5.0 (Windows NT 10.0; Win64; x64) AppleWebKit/537.36 (KHTML, like Gecko) Chrome/138.0.0.0 Safari/537.36 Edg/138.0.0.0
    [HTTP_ACCEPT] => text/html,application/xhtml+xml,application/xml;q=0.9,image/avif,image/webp,image/apng,*/*;q=0.8,application/signed-exchange;v=b3;q=0.7
    [HTTP_SEC_FETCH_SITE] => none
    [HTTP_SEC_FETCH_MODE] => navigate
    [HTTP_SEC_FETCH_USER] => ?1
    [HTTP_SEC_FETCH_DEST] => document
    [HTTP_ACCEPT_ENCODING] => gzip, deflate, br, zstd
    [HTTP_ACCEPT_LANGUAGE] => en-US,en;q=0.9
    [HTTP_COOKIE] => __test=9980e27004ea9ff65e6b373721eae062; PHPSESSID=0c08cdb278e5d53e971702e1d5dda067
    [SERVER_SIGNATURE] => 
    [SERVER_SOFTWARE] => Apache
    [SERVER_NAME] => admin-testing.rf.gd
    [SERVER_ADDR] => 127.0.0.7
    [SERVER_PORT] => 443
    [REMOTE_ADDR] => 161.142.189.48
    [DOCUMENT_ROOT] => /home/vol10_1/infinityfree.com/if0_39493961/htdocs
    [REQUEST_SCHEME] => https
    [CONTEXT_PREFIX] => 
    [CONTEXT_DOCUMENT_ROOT] => /home/vol10_1/infinityfree.com/if0_39493961/htdocs
    [SERVER_ADMIN] => root@foo.tld
    [SCRIPT_FILENAME] => /home/vol10_1/infinityfree.com/if0_39493961/htdocs/Menus/post_vote.php
    [REMOTE_PORT] => 36474
    [GATEWAY_INTERFACE] => CGI/1.1
    [SERVER_PROTOCOL] => HTTP/1.1
    [REQUEST_METHOD] => GET
    [QUERY_STRING] => 
    [REQUEST_URI] => /Menus/post_vote.php
    [SCRIPT_NAME] => /Menus/post_vote.php
    [PHP_SELF] => /Menus/post_vote.php
    [REQUEST_TIME_FLOAT] => 1753006082.83
    [REQUEST_TIME] => 1753006082
)
Array
(
)
Array
(
    [HTTPS] => on
    [SSL] => on
    [UNIQUE_ID] => aHzABZJEhyb@XG0a4KVX@wAAAAc
    [VH_GECOS] => admin-testing.rf.gd

    [VH_PATH] => /home/vol10_1/infinityfree.com/if0_39493961/htdocs
    [SERVER_ROOT] => /home/vol10_1/infinityfree.com/if0_39493961/htdocs
    [PHP_DOCUMENT_ROOT] => /home/vol10_1/infinityfree.com/if0_39493961/htdocs
    [PATH] => /usr/bin:/bin
    [HTTP_HOST] => admin-testing.rf.gd
    [HTTP_X_FORWARDED_PROTO] => https
    [HTTP_X_REAL_IP] => 161.142.189.48
    [HTTP_X_FORWARDED_FOR] => 161.142.189.48
    [HTTP_CACHE_CONTROL] => max-age=0
    [HTTP_SEC_CH_UA] => "Not)A;Brand";v="8", "Chromium";v="138", "Microsoft Edge";v="138"
    [HTTP_SEC_CH_UA_MOBILE] => ?0
    [HTTP_SEC_CH_UA_PLATFORM] => "Windows"
    [HTTP_UPGRADE_INSECURE_REQUESTS] => 1
    [HTTP_USER_AGENT] => Mozilla/5.0 (Windows NT 10.0; Win64; x64) AppleWebKit/537.36 (KHTML, like Gecko) Chrome/138.0.0.0 Safari/537.36 Edg/138.0.0.0
    [HTTP_ACCEPT] => text/html,application/xhtml+xml,application/xml;q=0.9,image/avif,image/webp,image/apng,*/*;q=0.8,application/signed-exchange;v=b3;q=0.7
    [HTTP_SEC_FETCH_SITE] => none
    [HTTP_SEC_FETCH_MODE] => navigate
    [HTTP_SEC_FETCH_USER] => ?1
    [HTTP_SEC_FETCH_DEST] => document
    [HTTP_ACCEPT_ENCODING] => gzip, deflate, br, zstd
    [HTTP_ACCEPT_LANGUAGE] => en-US,en;q=0.9
    [HTTP_COOKIE] => __test=9980e27004ea9ff65e6b373721eae062; PHPSESSID=0c08cdb278e5d53e971702e1d5dda067
    [SERVER_SIGNATURE] => 
    [SERVER_SOFTWARE] => Apache
    [SERVER_NAME] => admin-testing.rf.gd
    [SERVER_ADDR] => 127.0.0.7
    [SERVER_PORT] => 443
    [REMOTE_ADDR] => 161.142.189.48
    [DOCUMENT_ROOT] => /home/vol10_1/infinityfree.com/if0_39493961/htdocs
    [REQUEST_SCHEME] => https
    [CONTEXT_PREFIX] => 
    [CONTEXT_DOCUMENT_ROOT] => /home/vol10_1/infinityfree.com/if0_39493961/htdocs
    [SERVER_ADMIN] => root@foo.tld
    [SCRIPT_FILENAME] => /home/vol10_1/infinityfree.com/if0_39493961/htdocs/Menus/post_vote.php
    [REMOTE_PORT] => 36578
    [GATEWAY_INTERFACE] => CGI/1.1
    [SERVER_PROTOCOL] => HTTP/1.1
    [REQUEST_METHOD] => GET
    [QUERY_STRING] => 
    [REQUEST_URI] => /Menus/post_vote.php
    [SCRIPT_NAME] => /Menus/post_vote.php
    [PHP_SELF] => /Menus/post_vote.php
    [REQUEST_TIME_FLOAT] => 1753006085.06
    [REQUEST_TIME] => 1753006085
)
Array
(
)
Array
(
    [HTTPS] => on
    [SSL] => on
    [UNIQUE_ID] => aHzAUQWSRECypytir3CSjgAAAAc
    [VH_GECOS] => admin-testing.rf.gd

    [VH_PATH] => /home/vol10_1/infinityfree.com/if0_39493961/htdocs
    [SERVER_ROOT] => /home/vol10_1/infinityfree.com/if0_39493961/htdocs
    [PHP_DOCUMENT_ROOT] => /home/vol10_1/infinityfree.com/if0_39493961/htdocs
    [PATH] => /usr/bin:/bin
    [HTTP_HOST] => admin-testing.rf.gd
    [HTTP_X_FORWARDED_PROTO] => https
    [HTTP_X_REAL_IP] => 161.142.189.48
    [HTTP_X_FORWARDED_FOR] => 161.142.189.48
    [HTTP_CACHE_CONTROL] => max-age=0
    [HTTP_SEC_CH_UA] => "Not)A;Brand";v="8", "Chromium";v="138", "Microsoft Edge";v="138"
    [HTTP_SEC_CH_UA_MOBILE] => ?0
    [HTTP_SEC_CH_UA_PLATFORM] => "Windows"
    [HTTP_UPGRADE_INSECURE_REQUESTS] => 1
    [HTTP_USER_AGENT] => Mozilla/5.0 (Windows NT 10.0; Win64; x64) AppleWebKit/537.36 (KHTML, like Gecko) Chrome/138.0.0.0 Safari/537.36 Edg/138.0.0.0
    [HTTP_ACCEPT] => text/html,application/xhtml+xml,application/xml;q=0.9,image/avif,image/webp,image/apng,*/*;q=0.8,application/signed-exchange;v=b3;q=0.7
    [HTTP_SEC_FETCH_SITE] => none
    [HTTP_SEC_FETCH_MODE] => navigate
    [HTTP_SEC_FETCH_USER] => ?1
    [HTTP_SEC_FETCH_DEST] => document
    [HTTP_ACCEPT_ENCODING] => gzip, deflate, br, zstd
    [HTTP_ACCEPT_LANGUAGE] => en-US,en;q=0.9
    [HTTP_COOKIE] => __test=9980e27004ea9ff65e6b373721eae062; PHPSESSID=0c08cdb278e5d53e971702e1d5dda067
    [SERVER_SIGNATURE] => 
    [SERVER_SOFTWARE] => Apache
    [SERVER_NAME] => admin-testing.rf.gd
    [SERVER_ADDR] => 127.0.0.7
    [SERVER_PORT] => 443
    [REMOTE_ADDR] => 161.142.189.48
    [DOCUMENT_ROOT] => /home/vol10_1/infinityfree.com/if0_39493961/htdocs
    [REQUEST_SCHEME] => https
    [CONTEXT_PREFIX] => 
    [CONTEXT_DOCUMENT_ROOT] => /home/vol10_1/infinityfree.com/if0_39493961/htdocs
    [SERVER_ADMIN] => root@foo.tld
    [SCRIPT_FILENAME] => /home/vol10_1/infinityfree.com/if0_39493961/htdocs/Menus/post_vote.php
    [REMOTE_PORT] => 32598
    [GATEWAY_INTERFACE] => CGI/1.1
    [SERVER_PROTOCOL] => HTTP/1.1
    [REQUEST_METHOD] => GET
    [QUERY_STRING] => 
    [REQUEST_URI] => /Menus/post_vote.php
    [SCRIPT_NAME] => /Menus/post_vote.php
    [PHP_SELF] => /Menus/post_vote.php
    [REQUEST_TIME_FLOAT] => 1753006161.26
    [REQUEST_TIME] => 1753006161
)
Array
(
)
Array
(
    [HTTPS] => on
    [SSL] => on
    [UNIQUE_ID] => aHzAU0r00eA7vab-DpCK3QAAABA
    [VH_GECOS] => admin-testing.rf.gd

    [VH_PATH] => /home/vol10_1/infinityfree.com/if0_39493961/htdocs
    [SERVER_ROOT] => /home/vol10_1/infinityfree.com/if0_39493961/htdocs
    [PHP_DOCUMENT_ROOT] => /home/vol10_1/infinityfree.com/if0_39493961/htdocs
    [PATH] => /usr/bin:/bin
    [HTTP_HOST] => admin-testing.rf.gd
    [HTTP_X_FORWARDED_PROTO] => https
    [HTTP_X_REAL_IP] => 161.142.189.48
    [HTTP_X_FORWARDED_FOR] => 161.142.189.48
    [HTTP_CACHE_CONTROL] => max-age=0
    [HTTP_SEC_CH_UA] => "Not)A;Brand";v="8", "Chromium";v="138", "Microsoft Edge";v="138"
    [HTTP_SEC_CH_UA_MOBILE] => ?0
    [HTTP_SEC_CH_UA_PLATFORM] => "Windows"
    [HTTP_UPGRADE_INSECURE_REQUESTS] => 1
    [HTTP_USER_AGENT] => Mozilla/5.0 (Windows NT 10.0; Win64; x64) AppleWebKit/537.36 (KHTML, like Gecko) Chrome/138.0.0.0 Safari/537.36 Edg/138.0.0.0
    [HTTP_ACCEPT] => text/html,application/xhtml+xml,application/xml;q=0.9,image/avif,image/webp,image/apng,*/*;q=0.8,application/signed-exchange;v=b3;q=0.7
    [HTTP_SEC_FETCH_SITE] => none
    [HTTP_SEC_FETCH_MODE] => navigate
    [HTTP_SEC_FETCH_USER] => ?1
    [HTTP_SEC_FETCH_DEST] => document
    [HTTP_ACCEPT_ENCODING] => gzip, deflate, br, zstd
    [HTTP_ACCEPT_LANGUAGE] => en-US,en;q=0.9
    [HTTP_COOKIE] => __test=9980e27004ea9ff65e6b373721eae062; PHPSESSID=0c08cdb278e5d53e971702e1d5dda067
    [SERVER_SIGNATURE] => 
    [SERVER_SOFTWARE] => Apache
    [SERVER_NAME] => admin-testing.rf.gd
    [SERVER_ADDR] => 127.0.0.7
    [SERVER_PORT] => 443
    [REMOTE_ADDR] => 161.142.189.48
    [DOCUMENT_ROOT] => /home/vol10_1/infinityfree.com/if0_39493961/htdocs
    [REQUEST_SCHEME] => https
    [CONTEXT_PREFIX] => 
    [CONTEXT_DOCUMENT_ROOT] => /home/vol10_1/infinityfree.com/if0_39493961/htdocs
    [SERVER_ADMIN] => root@foo.tld
    [SCRIPT_FILENAME] => /home/vol10_1/infinityfree.com/if0_39493961/htdocs/Menus/post_vote.php
    [REMOTE_PORT] => 32662
    [GATEWAY_INTERFACE] => CGI/1.1
    [SERVER_PROTOCOL] => HTTP/1.1
    [REQUEST_METHOD] => GET
    [QUERY_STRING] => 
    [REQUEST_URI] => /Menus/post_vote.php
    [SCRIPT_NAME] => /Menus/post_vote.php
    [PHP_SELF] => /Menus/post_vote.php
    [REQUEST_TIME_FLOAT] => 1753006163.1
    [REQUEST_TIME] => 1753006163
)
Array
(
)
Array
(
    [HTTPS] => on
    [SSL] => on
    [UNIQUE_ID] => aHzAU8B@JKmmjBnDZvVFLQAAAAQ
    [VH_GECOS] => admin-testing.rf.gd

    [VH_PATH] => /home/vol10_1/infinityfree.com/if0_39493961/htdocs
    [SERVER_ROOT] => /home/vol10_1/infinityfree.com/if0_39493961/htdocs
    [PHP_DOCUMENT_ROOT] => /home/vol10_1/infinityfree.com/if0_39493961/htdocs
    [PATH] => /usr/bin:/bin
    [HTTP_HOST] => admin-testing.rf.gd
    [HTTP_X_FORWARDED_PROTO] => https
    [HTTP_X_REAL_IP] => 161.142.189.48
    [HTTP_X_FORWARDED_FOR] => 161.142.189.48
    [HTTP_CACHE_CONTROL] => max-age=0
    [HTTP_SEC_CH_UA] => "Not)A;Brand";v="8", "Chromium";v="138", "Microsoft Edge";v="138"
    [HTTP_SEC_CH_UA_MOBILE] => ?0
    [HTTP_SEC_CH_UA_PLATFORM] => "Windows"
    [HTTP_UPGRADE_INSECURE_REQUESTS] => 1
    [HTTP_USER_AGENT] => Mozilla/5.0 (Windows NT 10.0; Win64; x64) AppleWebKit/537.36 (KHTML, like Gecko) Chrome/138.0.0.0 Safari/537.36 Edg/138.0.0.0
    [HTTP_ACCEPT] => text/html,application/xhtml+xml,application/xml;q=0.9,image/avif,image/webp,image/apng,*/*;q=0.8,application/signed-exchange;v=b3;q=0.7
    [HTTP_SEC_FETCH_SITE] => none
    [HTTP_SEC_FETCH_MODE] => navigate
    [HTTP_SEC_FETCH_USER] => ?1
    [HTTP_SEC_FETCH_DEST] => document
    [HTTP_ACCEPT_ENCODING] => gzip, deflate, br, zstd
    [HTTP_ACCEPT_LANGUAGE] => en-US,en;q=0.9
    [HTTP_COOKIE] => __test=9980e27004ea9ff65e6b373721eae062; PHPSESSID=0c08cdb278e5d53e971702e1d5dda067
    [SERVER_SIGNATURE] => 
    [SERVER_SOFTWARE] => Apache
    [SERVER_NAME] => admin-testing.rf.gd
    [SERVER_ADDR] => 127.0.0.7
    [SERVER_PORT] => 443
    [REMOTE_ADDR] => 161.142.189.48
    [DOCUMENT_ROOT] => /home/vol10_1/infinityfree.com/if0_39493961/htdocs
    [REQUEST_SCHEME] => https
    [CONTEXT_PREFIX] => 
    [CONTEXT_DOCUMENT_ROOT] => /home/vol10_1/infinityfree.com/if0_39493961/htdocs
    [SERVER_ADMIN] => root@foo.tld
    [SCRIPT_FILENAME] => /home/vol10_1/infinityfree.com/if0_39493961/htdocs/Menus/post_vote.php
    [REMOTE_PORT] => 32678
    [GATEWAY_INTERFACE] => CGI/1.1
    [SERVER_PROTOCOL] => HTTP/1.1
    [REQUEST_METHOD] => GET
    [QUERY_STRING] => 
    [REQUEST_URI] => /Menus/post_vote.php
    [SCRIPT_NAME] => /Menus/post_vote.php
    [PHP_SELF] => /Menus/post_vote.php
    [REQUEST_TIME_FLOAT] => 1753006163.79
    [REQUEST_TIME] => 1753006163
)
Array
(
)
